{"/home/sofat/hc/es6/realTimeUpdateTable.js": {"path":"/home/sofat/hc/es6/realTimeUpdateTable.js","statementMap":{"0":{"start":{"line":14,"column":18},"end":{"line":14,"column":46}},"1":{"start":{"line":15,"column":13},"end":{"line":15,"column":28}},"2":{"start":{"line":16,"column":22},"end":{"line":16,"column":37}},"3":{"start":{"line":17,"column":0},"end":{"line":166,"column":5}},"4":{"start":{"line":18,"column":25},"end":{"line":18,"column":27}},"5":{"start":{"line":19,"column":18},"end":{"line":19,"column":49}},"6":{"start":{"line":20,"column":18},"end":{"line":20,"column":49}},"7":{"start":{"line":21,"column":18},"end":{"line":21,"column":49}},"8":{"start":{"line":22,"column":27},"end":{"line":22,"column":55}},"9":{"start":{"line":23,"column":18},"end":{"line":23,"column":19}},"10":{"start":{"line":28,"column":24},"end":{"line":30,"column":5}},"11":{"start":{"line":29,"column":8},"end":{"line":29,"column":36}},"12":{"start":{"line":35,"column":28},"end":{"line":42,"column":5}},"13":{"start":{"line":36,"column":8},"end":{"line":40,"column":10}},"14":{"start":{"line":37,"column":31},"end":{"line":37,"column":59}},"15":{"start":{"line":38,"column":12},"end":{"line":38,"column":70}},"16":{"start":{"line":39,"column":12},"end":{"line":39,"column":53}},"17":{"start":{"line":41,"column":8},"end":{"line":41,"column":42}},"18":{"start":{"line":47,"column":26},"end":{"line":54,"column":5}},"19":{"start":{"line":48,"column":8},"end":{"line":53,"column":9}},"20":{"start":{"line":49,"column":12},"end":{"line":49,"column":34}},"21":{"start":{"line":50,"column":12},"end":{"line":50,"column":51}},"22":{"start":{"line":51,"column":12},"end":{"line":51,"column":37}},"23":{"start":{"line":52,"column":12},"end":{"line":52,"column":37}},"24":{"start":{"line":60,"column":34},"end":{"line":76,"column":5}},"25":{"start":{"line":61,"column":31},"end":{"line":61,"column":48}},"26":{"start":{"line":62,"column":26},"end":{"line":62,"column":54}},"27":{"start":{"line":63,"column":8},"end":{"line":74,"column":9}},"28":{"start":{"line":63,"column":21},"end":{"line":63,"column":22}},"29":{"start":{"line":64,"column":42},"end":{"line":64,"column":70}},"30":{"start":{"line":65,"column":12},"end":{"line":72,"column":13}},"31":{"start":{"line":66,"column":16},"end":{"line":66,"column":53}},"32":{"start":{"line":67,"column":16},"end":{"line":67,"column":100}},"33":{"start":{"line":69,"column":43},"end":{"line":69,"column":72}},"34":{"start":{"line":70,"column":16},"end":{"line":70,"column":50}},"35":{"start":{"line":71,"column":16},"end":{"line":71,"column":70}},"36":{"start":{"line":73,"column":12},"end":{"line":73,"column":57}},"37":{"start":{"line":75,"column":8},"end":{"line":75,"column":37}},"38":{"start":{"line":81,"column":36},"end":{"line":94,"column":5}},"39":{"start":{"line":82,"column":30},"end":{"line":82,"column":47}},"40":{"start":{"line":83,"column":8},"end":{"line":93,"column":10}},"41":{"start":{"line":84,"column":26},"end":{"line":84,"column":56}},"42":{"start":{"line":85,"column":12},"end":{"line":92,"column":14}},"43":{"start":{"line":86,"column":16},"end":{"line":90,"column":17}},"44":{"start":{"line":87,"column":20},"end":{"line":87,"column":121}},"45":{"start":{"line":89,"column":20},"end":{"line":89,"column":126}},"46":{"start":{"line":99,"column":35},"end":{"line":112,"column":5}},"47":{"start":{"line":100,"column":8},"end":{"line":109,"column":10}},"48":{"start":{"line":110,"column":8},"end":{"line":110,"column":87}},"49":{"start":{"line":111,"column":8},"end":{"line":111,"column":41}},"50":{"start":{"line":119,"column":36},"end":{"line":129,"column":5}},"51":{"start":{"line":120,"column":8},"end":{"line":128,"column":9}},"52":{"start":{"line":121,"column":12},"end":{"line":121,"column":69}},"53":{"start":{"line":122,"column":12},"end":{"line":122,"column":78}},"54":{"start":{"line":124,"column":12},"end":{"line":124,"column":72}},"55":{"start":{"line":125,"column":12},"end":{"line":125,"column":69}},"56":{"start":{"line":126,"column":12},"end":{"line":126,"column":53}},"57":{"start":{"line":127,"column":12},"end":{"line":127,"column":78}},"58":{"start":{"line":134,"column":31},"end":{"line":139,"column":5}},"59":{"start":{"line":135,"column":19},"end":{"line":135,"column":36}},"60":{"start":{"line":136,"column":8},"end":{"line":138,"column":10}},"61":{"start":{"line":137,"column":12},"end":{"line":137,"column":44}},"62":{"start":{"line":144,"column":37},"end":{"line":158,"column":5}},"63":{"start":{"line":145,"column":25},"end":{"line":145,"column":27}},"64":{"start":{"line":146,"column":19},"end":{"line":146,"column":36}},"65":{"start":{"line":147,"column":8},"end":{"line":149,"column":10}},"66":{"start":{"line":148,"column":12},"end":{"line":148,"column":41}},"67":{"start":{"line":150,"column":8},"end":{"line":152,"column":10}},"68":{"start":{"line":151,"column":12},"end":{"line":151,"column":53}},"69":{"start":{"line":153,"column":8},"end":{"line":153,"column":18}},"70":{"start":{"line":154,"column":8},"end":{"line":156,"column":10}},"71":{"start":{"line":155,"column":12},"end":{"line":155,"column":83}},"72":{"start":{"line":157,"column":8},"end":{"line":157,"column":20}},"73":{"start":{"line":159,"column":4},"end":{"line":165,"column":5}}},"fnMap":{"0":{"name":"(anonymous_0)","decl":{"start":{"line":17,"column":18},"end":{"line":17,"column":19}},"loc":{"start":{"line":17,"column":30},"end":{"line":166,"column":1}},"line":17},"1":{"name":"(anonymous_1)","decl":{"start":{"line":28,"column":24},"end":{"line":28,"column":25}},"loc":{"start":{"line":28,"column":38},"end":{"line":30,"column":5}},"line":28},"2":{"name":"(anonymous_2)","decl":{"start":{"line":35,"column":28},"end":{"line":35,"column":29}},"loc":{"start":{"line":35,"column":45},"end":{"line":42,"column":5}},"line":35},"3":{"name":"(anonymous_3)","decl":{"start":{"line":36,"column":39},"end":{"line":36,"column":40}},"loc":{"start":{"line":36,"column":51},"end":{"line":40,"column":9}},"line":36},"4":{"name":"(anonymous_4)","decl":{"start":{"line":47,"column":26},"end":{"line":47,"column":27}},"loc":{"start":{"line":47,"column":53},"end":{"line":54,"column":5}},"line":47},"5":{"name":"(anonymous_5)","decl":{"start":{"line":60,"column":34},"end":{"line":60,"column":35}},"loc":{"start":{"line":60,"column":51},"end":{"line":76,"column":5}},"line":60},"6":{"name":"(anonymous_6)","decl":{"start":{"line":81,"column":36},"end":{"line":81,"column":37}},"loc":{"start":{"line":81,"column":46},"end":{"line":94,"column":5}},"line":81},"7":{"name":"(anonymous_7)","decl":{"start":{"line":83,"column":43},"end":{"line":83,"column":44}},"loc":{"start":{"line":83,"column":73},"end":{"line":93,"column":9}},"line":83},"8":{"name":"(anonymous_8)","decl":{"start":{"line":85,"column":35},"end":{"line":85,"column":36}},"loc":{"start":{"line":85,"column":66},"end":{"line":92,"column":13}},"line":85},"9":{"name":"(anonymous_9)","decl":{"start":{"line":99,"column":35},"end":{"line":99,"column":36}},"loc":{"start":{"line":99,"column":45},"end":{"line":112,"column":5}},"line":99},"10":{"name":"(anonymous_10)","decl":{"start":{"line":119,"column":36},"end":{"line":119,"column":37}},"loc":{"start":{"line":119,"column":46},"end":{"line":129,"column":5}},"line":119},"11":{"name":"(anonymous_11)","decl":{"start":{"line":134,"column":31},"end":{"line":134,"column":32}},"loc":{"start":{"line":134,"column":41},"end":{"line":139,"column":5}},"line":134},"12":{"name":"(anonymous_12)","decl":{"start":{"line":136,"column":25},"end":{"line":136,"column":26}},"loc":{"start":{"line":136,"column":36},"end":{"line":138,"column":9}},"line":136},"13":{"name":"(anonymous_13)","decl":{"start":{"line":144,"column":37},"end":{"line":144,"column":38}},"loc":{"start":{"line":144,"column":47},"end":{"line":158,"column":5}},"line":144},"14":{"name":"(anonymous_14)","decl":{"start":{"line":147,"column":25},"end":{"line":147,"column":26}},"loc":{"start":{"line":147,"column":36},"end":{"line":149,"column":9}},"line":147},"15":{"name":"(anonymous_15)","decl":{"start":{"line":150,"column":24},"end":{"line":150,"column":25}},"loc":{"start":{"line":150,"column":40},"end":{"line":152,"column":9}},"line":150},"16":{"name":"(anonymous_16)","decl":{"start":{"line":154,"column":37},"end":{"line":154,"column":38}},"loc":{"start":{"line":154,"column":62},"end":{"line":156,"column":9}},"line":154}},"branchMap":{"0":{"loc":{"start":{"line":36,"column":8},"end":{"line":40,"column":10}},"type":"binary-expr","locations":[{"start":{"line":36,"column":8},"end":{"line":36,"column":19}},{"start":{"line":36,"column":23},"end":{"line":40,"column":10}}],"line":36},"1":{"loc":{"start":{"line":48,"column":8},"end":{"line":53,"column":9}},"type":"if","locations":[{"start":{"line":48,"column":8},"end":{"line":53,"column":9}},{"start":{"line":48,"column":8},"end":{"line":53,"column":9}}],"line":48},"2":{"loc":{"start":{"line":48,"column":12},"end":{"line":48,"column":29}},"type":"binary-expr","locations":[{"start":{"line":48,"column":12},"end":{"line":48,"column":20}},{"start":{"line":48,"column":24},"end":{"line":48,"column":29}}],"line":48},"3":{"loc":{"start":{"line":65,"column":12},"end":{"line":72,"column":13}},"type":"if","locations":[{"start":{"line":65,"column":12},"end":{"line":72,"column":13}},{"start":{"line":65,"column":12},"end":{"line":72,"column":13}}],"line":65},"4":{"loc":{"start":{"line":83,"column":8},"end":{"line":93,"column":10}},"type":"binary-expr","locations":[{"start":{"line":83,"column":8},"end":{"line":83,"column":21}},{"start":{"line":83,"column":25},"end":{"line":93,"column":10}}],"line":83},"5":{"loc":{"start":{"line":85,"column":12},"end":{"line":92,"column":14}},"type":"binary-expr","locations":[{"start":{"line":85,"column":12},"end":{"line":85,"column":19}},{"start":{"line":85,"column":23},"end":{"line":92,"column":14}}],"line":85},"6":{"loc":{"start":{"line":86,"column":16},"end":{"line":90,"column":17}},"type":"if","locations":[{"start":{"line":86,"column":16},"end":{"line":90,"column":17}},{"start":{"line":86,"column":16},"end":{"line":90,"column":17}}],"line":86},"7":{"loc":{"start":{"line":86,"column":20},"end":{"line":86,"column":110}},"type":"binary-expr","locations":[{"start":{"line":86,"column":20},"end":{"line":86,"column":75}},{"start":{"line":86,"column":79},"end":{"line":86,"column":110}}],"line":86},"8":{"loc":{"start":{"line":108,"column":29},"end":{"line":108,"column":75}},"type":"binary-expr","locations":[{"start":{"line":108,"column":29},"end":{"line":108,"column":69}},{"start":{"line":108,"column":73},"end":{"line":108,"column":75}}],"line":108},"9":{"loc":{"start":{"line":120,"column":8},"end":{"line":128,"column":9}},"type":"if","locations":[{"start":{"line":120,"column":8},"end":{"line":128,"column":9}},{"start":{"line":120,"column":8},"end":{"line":128,"column":9}}],"line":120},"10":{"loc":{"start":{"line":124,"column":40},"end":{"line":124,"column":71}},"type":"binary-expr","locations":[{"start":{"line":124,"column":40},"end":{"line":124,"column":65}},{"start":{"line":124,"column":69},"end":{"line":124,"column":71}}],"line":124},"11":{"loc":{"start":{"line":136,"column":8},"end":{"line":138,"column":10}},"type":"binary-expr","locations":[{"start":{"line":136,"column":8},"end":{"line":136,"column":12}},{"start":{"line":136,"column":16},"end":{"line":138,"column":10}}],"line":136},"12":{"loc":{"start":{"line":147,"column":8},"end":{"line":149,"column":10}},"type":"binary-expr","locations":[{"start":{"line":147,"column":8},"end":{"line":147,"column":12}},{"start":{"line":147,"column":16},"end":{"line":149,"column":10}}],"line":147},"13":{"loc":{"start":{"line":154,"column":8},"end":{"line":156,"column":10}},"type":"binary-expr","locations":[{"start":{"line":154,"column":8},"end":{"line":154,"column":18}},{"start":{"line":154,"column":22},"end":{"line":156,"column":10}}],"line":154},"14":{"loc":{"start":{"line":155,"column":38},"end":{"line":155,"column":82}},"type":"binary-expr","locations":[{"start":{"line":155,"column":38},"end":{"line":155,"column":61}},{"start":{"line":155,"column":65},"end":{"line":155,"column":82}}],"line":155}},"s":{"0":1,"1":1,"2":1,"3":1,"4":1,"5":1,"6":1,"7":1,"8":1,"9":1,"10":1,"11":1,"12":1,"13":1,"14":8,"15":8,"16":8,"17":1,"18":1,"19":1,"20":1,"21":1,"22":1,"23":1,"24":1,"25":2,"26":2,"27":2,"28":2,"29":16,"30":16,"31":14,"32":14,"33":2,"34":2,"35":2,"36":16,"37":2,"38":1,"39":1,"40":1,"41":1,"42":1,"43":8,"44":7,"45":1,"46":1,"47":3,"48":3,"49":3,"50":1,"51":3,"52":1,"53":1,"54":2,"55":2,"56":2,"57":2,"58":1,"59":1,"60":1,"61":1,"62":1,"63":3,"64":3,"65":3,"66":4,"67":3,"68":1,"69":3,"70":3,"71":4,"72":3,"73":1},"f":{"0":1,"1":1,"2":1,"3":8,"4":1,"5":2,"6":1,"7":1,"8":8,"9":3,"10":3,"11":1,"12":1,"13":3,"14":4,"15":1,"16":4},"b":{"0":[1,1],"1":[1,0],"2":[1,1],"3":[14,2],"4":[1,1],"5":[1,1],"6":[7,1],"7":[8,8],"8":[3,2],"9":[1,2],"10":[2,2],"11":[1,1],"12":[3,3],"13":[3,3],"14":[4,4]},"_coverageSchema":"1a1c01bbd47fc00a2c39e90264f33305004495a9","hash":"d07672ac7d749b8cd13eebe019fe063524a05eb0"}
,"/home/sofat/hc/site/sparkline.js": {"path":"/home/sofat/hc/site/sparkline.js","statementMap":{"0":{"start":{"line":9,"column":0},"end":{"line":149,"column":4}},"1":{"start":{"line":10,"column":4},"end":{"line":21,"column":5}},"2":{"start":{"line":12,"column":8},"end":{"line":12,"column":24}},"3":{"start":{"line":13,"column":11},"end":{"line":21,"column":5}},"4":{"start":{"line":17,"column":8},"end":{"line":17,"column":35}},"5":{"start":{"line":20,"column":8},"end":{"line":20,"column":35}},"6":{"start":{"line":26,"column":18},"end":{"line":26,"column":20}},"7":{"start":{"line":27,"column":8},"end":{"line":29,"column":9}},"8":{"start":{"line":28,"column":12},"end":{"line":28,"column":70}},"9":{"start":{"line":30,"column":8},"end":{"line":30,"column":19}},"10":{"start":{"line":34,"column":8},"end":{"line":34,"column":31}},"11":{"start":{"line":35,"column":8},"end":{"line":35,"column":64}},"12":{"start":{"line":37,"column":8},"end":{"line":47,"column":9}},"13":{"start":{"line":38,"column":12},"end":{"line":38,"column":57}},"14":{"start":{"line":39,"column":12},"end":{"line":39,"column":50}},"15":{"start":{"line":40,"column":12},"end":{"line":40,"column":56}},"16":{"start":{"line":41,"column":12},"end":{"line":41,"column":54}},"17":{"start":{"line":43,"column":12},"end":{"line":46,"column":13}},"18":{"start":{"line":44,"column":16},"end":{"line":44,"column":56}},"19":{"start":{"line":45,"column":16},"end":{"line":45,"column":65}},"20":{"start":{"line":50,"column":4},"end":{"line":62,"column":6}},"21":{"start":{"line":64,"column":4},"end":{"line":66,"column":6}},"22":{"start":{"line":65,"column":8},"end":{"line":65,"column":47}},"23":{"start":{"line":68,"column":4},"end":{"line":72,"column":5}},"24":{"start":{"line":69,"column":24},"end":{"line":69,"column":55}},"25":{"start":{"line":70,"column":8},"end":{"line":70,"column":31}},"26":{"start":{"line":71,"column":8},"end":{"line":71,"column":25}},"27":{"start":{"line":75,"column":20},"end":{"line":75,"column":39}},"28":{"start":{"line":76,"column":8},"end":{"line":80,"column":9}},"29":{"start":{"line":77,"column":12},"end":{"line":77,"column":40}},"30":{"start":{"line":79,"column":12},"end":{"line":79,"column":84}},"31":{"start":{"line":84,"column":8},"end":{"line":84,"column":25}},"32":{"start":{"line":85,"column":8},"end":{"line":85,"column":31}},"33":{"start":{"line":86,"column":8},"end":{"line":86,"column":54}},"34":{"start":{"line":87,"column":8},"end":{"line":87,"column":20}},"35":{"start":{"line":91,"column":16},"end":{"line":91,"column":42}},"36":{"start":{"line":92,"column":21},"end":{"line":92,"column":97}},"37":{"start":{"line":93,"column":20},"end":{"line":93,"column":103}},"38":{"start":{"line":95,"column":8},"end":{"line":95,"column":89}},"39":{"start":{"line":98,"column":4},"end":{"line":142,"column":5}},"40":{"start":{"line":100,"column":8},"end":{"line":100,"column":30}},"41":{"start":{"line":101,"column":8},"end":{"line":101,"column":29}},"42":{"start":{"line":103,"column":8},"end":{"line":103,"column":60}},"43":{"start":{"line":104,"column":8},"end":{"line":104,"column":45}},"44":{"start":{"line":105,"column":8},"end":{"line":105,"column":60}},"45":{"start":{"line":106,"column":8},"end":{"line":106,"column":45}},"46":{"start":{"line":108,"column":22},"end":{"line":108,"column":57}},"47":{"start":{"line":109,"column":22},"end":{"line":109,"column":57}},"48":{"start":{"line":110,"column":20},"end":{"line":110,"column":51}},"49":{"start":{"line":111,"column":21},"end":{"line":111,"column":53}},"50":{"start":{"line":113,"column":23},"end":{"line":113,"column":76}},"51":{"start":{"line":114,"column":23},"end":{"line":114,"column":76}},"52":{"start":{"line":115,"column":19},"end":{"line":115,"column":26}},"53":{"start":{"line":116,"column":19},"end":{"line":116,"column":26}},"54":{"start":{"line":118,"column":16},"end":{"line":118,"column":23}},"55":{"start":{"line":119,"column":16},"end":{"line":119,"column":70}},"56":{"start":{"line":120,"column":20},"end":{"line":120,"column":47}},"57":{"start":{"line":122,"column":18},"end":{"line":122,"column":81}},"58":{"start":{"line":124,"column":8},"end":{"line":124,"column":33}},"59":{"start":{"line":125,"column":8},"end":{"line":125,"column":58}},"60":{"start":{"line":126,"column":8},"end":{"line":126,"column":69}},"61":{"start":{"line":128,"column":8},"end":{"line":128,"column":37}},"62":{"start":{"line":129,"column":8},"end":{"line":135,"column":9}},"63":{"start":{"line":129,"column":21},"end":{"line":129,"column":22}},"64":{"start":{"line":130,"column":12},"end":{"line":130,"column":23}},"65":{"start":{"line":131,"column":12},"end":{"line":131,"column":41}},"66":{"start":{"line":133,"column":12},"end":{"line":133,"column":52}},"67":{"start":{"line":134,"column":12},"end":{"line":134,"column":52}},"68":{"start":{"line":136,"column":8},"end":{"line":136,"column":30}},"69":{"start":{"line":138,"column":8},"end":{"line":138,"column":91}},"70":{"start":{"line":139,"column":8},"end":{"line":139,"column":97}},"71":{"start":{"line":140,"column":8},"end":{"line":140,"column":109}},"72":{"start":{"line":141,"column":8},"end":{"line":141,"column":109}},"73":{"start":{"line":145,"column":8},"end":{"line":145,"column":43}},"74":{"start":{"line":148,"column":4},"end":{"line":148,"column":21}}},"fnMap":{"0":{"name":"(anonymous_0)","decl":{"start":{"line":9,"column":1},"end":{"line":9,"column":2}},"loc":{"start":{"line":9,"column":26},"end":{"line":22,"column":1}},"line":9},"1":{"name":"(anonymous_1)","decl":{"start":{"line":22,"column":8},"end":{"line":22,"column":9}},"loc":{"start":{"line":22,"column":20},"end":{"line":149,"column":1}},"line":22},"2":{"name":"extend","decl":{"start":{"line":25,"column":13},"end":{"line":25,"column":19}},"loc":{"start":{"line":25,"column":39},"end":{"line":31,"column":5}},"line":25},"3":{"name":"Sparkline","decl":{"start":{"line":33,"column":13},"end":{"line":33,"column":22}},"loc":{"start":{"line":33,"column":41},"end":{"line":48,"column":5}},"line":33},"4":{"name":"(anonymous_4)","decl":{"start":{"line":64,"column":21},"end":{"line":64,"column":22}},"loc":{"start":{"line":64,"column":49},"end":{"line":66,"column":5}},"line":64},"5":{"name":"(anonymous_5)","decl":{"start":{"line":68,"column":21},"end":{"line":68,"column":22}},"loc":{"start":{"line":68,"column":57},"end":{"line":72,"column":5}},"line":68},"6":{"name":"getY","decl":{"start":{"line":74,"column":13},"end":{"line":74,"column":17}},"loc":{"start":{"line":74,"column":62},"end":{"line":81,"column":5}},"line":74},"7":{"name":"drawDot","decl":{"start":{"line":83,"column":13},"end":{"line":83,"column":20}},"loc":{"start":{"line":83,"column":42},"end":{"line":88,"column":5}},"line":83},"8":{"name":"showTooltip","decl":{"start":{"line":90,"column":13},"end":{"line":90,"column":24}},"loc":{"start":{"line":90,"column":28},"end":{"line":96,"column":5}},"line":90},"9":{"name":"(anonymous_9)","decl":{"start":{"line":98,"column":31},"end":{"line":98,"column":32}},"loc":{"start":{"line":98,"column":49},"end":{"line":142,"column":5}},"line":98},"10":{"name":"minmax","decl":{"start":{"line":144,"column":13},"end":{"line":144,"column":19}},"loc":{"start":{"line":144,"column":29},"end":{"line":146,"column":5}},"line":144}},"branchMap":{"0":{"loc":{"start":{"line":10,"column":4},"end":{"line":21,"column":5}},"type":"if","locations":[{"start":{"line":10,"column":4},"end":{"line":21,"column":5}},{"start":{"line":10,"column":4},"end":{"line":21,"column":5}}],"line":10},"1":{"loc":{"start":{"line":10,"column":8},"end":{"line":10,"column":50}},"type":"binary-expr","locations":[{"start":{"line":10,"column":8},"end":{"line":10,"column":36}},{"start":{"line":10,"column":40},"end":{"line":10,"column":50}}],"line":10},"2":{"loc":{"start":{"line":13,"column":11},"end":{"line":21,"column":5}},"type":"if","locations":[{"start":{"line":13,"column":11},"end":{"line":21,"column":5}},{"start":{"line":13,"column":11},"end":{"line":21,"column":5}}],"line":13},"3":{"loc":{"start":{"line":28,"column":23},"end":{"line":28,"column":69}},"type":"cond-expr","locations":[{"start":{"line":28,"column":41},"end":{"line":28,"column":54}},{"start":{"line":28,"column":57},"end":{"line":28,"column":69}}],"line":28},"4":{"loc":{"start":{"line":35,"column":30},"end":{"line":35,"column":43}},"type":"binary-expr","locations":[{"start":{"line":35,"column":30},"end":{"line":35,"column":37}},{"start":{"line":35,"column":41},"end":{"line":35,"column":43}}],"line":35},"5":{"loc":{"start":{"line":41,"column":25},"end":{"line":41,"column":53}},"type":"binary-expr","locations":[{"start":{"line":41,"column":25},"end":{"line":41,"column":48}},{"start":{"line":41,"column":52},"end":{"line":41,"column":53}}],"line":41},"6":{"loc":{"start":{"line":43,"column":12},"end":{"line":46,"column":13}},"type":"if","locations":[{"start":{"line":43,"column":12},"end":{"line":46,"column":13}},{"start":{"line":43,"column":12},"end":{"line":46,"column":13}}],"line":43},"7":{"loc":{"start":{"line":76,"column":8},"end":{"line":80,"column":9}},"type":"if","locations":[{"start":{"line":76,"column":8},"end":{"line":80,"column":9}},{"start":{"line":76,"column":8},"end":{"line":80,"column":9}}],"line":76},"8":{"loc":{"start":{"line":91,"column":16},"end":{"line":91,"column":42}},"type":"binary-expr","locations":[{"start":{"line":91,"column":16},"end":{"line":91,"column":25}},{"start":{"line":91,"column":29},"end":{"line":91,"column":37}},{"start":{"line":91,"column":41},"end":{"line":91,"column":42}}],"line":91},"9":{"loc":{"start":{"line":100,"column":17},"end":{"line":100,"column":29}},"type":"binary-expr","locations":[{"start":{"line":100,"column":17},"end":{"line":100,"column":23}},{"start":{"line":100,"column":27},"end":{"line":100,"column":29}}],"line":100},"10":{"loc":{"start":{"line":113,"column":23},"end":{"line":113,"column":76}},"type":"binary-expr","locations":[{"start":{"line":113,"column":23},"end":{"line":113,"column":44}},{"start":{"line":113,"column":48},"end":{"line":113,"column":76}}],"line":113},"11":{"loc":{"start":{"line":114,"column":23},"end":{"line":114,"column":76}},"type":"binary-expr","locations":[{"start":{"line":114,"column":23},"end":{"line":114,"column":44}},{"start":{"line":114,"column":48},"end":{"line":114,"column":76}}],"line":114},"12":{"loc":{"start":{"line":133,"column":19},"end":{"line":133,"column":51}},"type":"cond-expr","locations":[{"start":{"line":133,"column":43},"end":{"line":133,"column":44}},{"start":{"line":133,"column":47},"end":{"line":133,"column":51}}],"line":133},"13":{"loc":{"start":{"line":134,"column":19},"end":{"line":134,"column":51}},"type":"cond-expr","locations":[{"start":{"line":134,"column":43},"end":{"line":134,"column":44}},{"start":{"line":134,"column":47},"end":{"line":134,"column":51}}],"line":134},"14":{"loc":{"start":{"line":138,"column":48},"end":{"line":138,"column":82}},"type":"cond-expr","locations":[{"start":{"line":138,"column":69},"end":{"line":138,"column":78}},{"start":{"line":138,"column":81},"end":{"line":138,"column":82}}],"line":138},"15":{"loc":{"start":{"line":139,"column":46},"end":{"line":139,"column":84}},"type":"cond-expr","locations":[{"start":{"line":139,"column":67},"end":{"line":139,"column":76}},{"start":{"line":139,"column":79},"end":{"line":139,"column":84}}],"line":139},"16":{"loc":{"start":{"line":140,"column":43},"end":{"line":140,"column":77}},"type":"cond-expr","locations":[{"start":{"line":140,"column":64},"end":{"line":140,"column":73}},{"start":{"line":140,"column":76},"end":{"line":140,"column":77}}],"line":140},"17":{"loc":{"start":{"line":141,"column":43},"end":{"line":141,"column":77}},"type":"cond-expr","locations":[{"start":{"line":141,"column":64},"end":{"line":141,"column":73}},{"start":{"line":141,"column":76},"end":{"line":141,"column":77}}],"line":141}},"s":{"0":1,"1":1,"2":0,"3":1,"4":1,"5":0,"6":0,"7":0,"8":0,"9":0,"10":0,"11":0,"12":0,"13":0,"14":0,"15":0,"16":0,"17":0,"18":0,"19":0,"20":1,"21":1,"22":0,"23":1,"24":0,"25":0,"26":0,"27":0,"28":0,"29":0,"30":0,"31":0,"32":0,"33":0,"34":0,"35":0,"36":0,"37":0,"38":0,"39":1,"40":0,"41":0,"42":0,"43":0,"44":0,"45":0,"46":0,"47":0,"48":0,"49":0,"50":0,"51":0,"52":0,"53":0,"54":0,"55":0,"56":0,"57":0,"58":0,"59":0,"60":0,"61":0,"62":0,"63":0,"64":0,"65":0,"66":0,"67":0,"68":0,"69":0,"70":0,"71":0,"72":0,"73":0,"74":1},"f":{"0":1,"1":1,"2":0,"3":0,"4":0,"5":0,"6":0,"7":0,"8":0,"9":0,"10":0},"b":{"0":[0,1],"1":[1,0],"2":[1,0],"3":[0,0],"4":[0,0],"5":[0,0],"6":[0,0],"7":[0,0],"8":[0,0,0],"9":[0,0],"10":[0,0],"11":[0,0],"12":[0,0],"13":[0,0],"14":[0,0],"15":[0,0],"16":[0,0],"17":[0,0]},"_coverageSchema":"1a1c01bbd47fc00a2c39e90264f33305004495a9","hash":"ba04966b8e14789c878f2367a89a9dd1250c5539"}
}
