{"/home/sofat/hc/es6/realTimeUpdateTable.js": {"path":"/home/sofat/hc/es6/realTimeUpdateTable.js","statementMap":{"0":{"start":{"line":14,"column":18},"end":{"line":14,"column":46}},"1":{"start":{"line":15,"column":13},"end":{"line":15,"column":28}},"2":{"start":{"line":16,"column":22},"end":{"line":16,"column":37}},"3":{"start":{"line":17,"column":10},"end":{"line":17,"column":27}},"4":{"start":{"line":19,"column":0},"end":{"line":168,"column":5}},"5":{"start":{"line":20,"column":25},"end":{"line":20,"column":27}},"6":{"start":{"line":21,"column":18},"end":{"line":21,"column":49}},"7":{"start":{"line":22,"column":18},"end":{"line":22,"column":49}},"8":{"start":{"line":23,"column":18},"end":{"line":23,"column":49}},"9":{"start":{"line":24,"column":27},"end":{"line":24,"column":55}},"10":{"start":{"line":25,"column":18},"end":{"line":25,"column":19}},"11":{"start":{"line":30,"column":24},"end":{"line":32,"column":5}},"12":{"start":{"line":31,"column":8},"end":{"line":31,"column":36}},"13":{"start":{"line":37,"column":28},"end":{"line":44,"column":5}},"14":{"start":{"line":38,"column":8},"end":{"line":42,"column":10}},"15":{"start":{"line":39,"column":31},"end":{"line":39,"column":59}},"16":{"start":{"line":40,"column":12},"end":{"line":40,"column":70}},"17":{"start":{"line":41,"column":12},"end":{"line":41,"column":53}},"18":{"start":{"line":43,"column":8},"end":{"line":43,"column":42}},"19":{"start":{"line":49,"column":26},"end":{"line":56,"column":5}},"20":{"start":{"line":50,"column":8},"end":{"line":55,"column":9}},"21":{"start":{"line":51,"column":12},"end":{"line":51,"column":34}},"22":{"start":{"line":52,"column":12},"end":{"line":52,"column":51}},"23":{"start":{"line":53,"column":12},"end":{"line":53,"column":37}},"24":{"start":{"line":54,"column":12},"end":{"line":54,"column":37}},"25":{"start":{"line":62,"column":34},"end":{"line":78,"column":5}},"26":{"start":{"line":63,"column":31},"end":{"line":63,"column":48}},"27":{"start":{"line":64,"column":26},"end":{"line":64,"column":54}},"28":{"start":{"line":65,"column":8},"end":{"line":76,"column":9}},"29":{"start":{"line":65,"column":21},"end":{"line":65,"column":22}},"30":{"start":{"line":66,"column":42},"end":{"line":66,"column":70}},"31":{"start":{"line":67,"column":12},"end":{"line":74,"column":13}},"32":{"start":{"line":68,"column":16},"end":{"line":68,"column":53}},"33":{"start":{"line":69,"column":16},"end":{"line":69,"column":100}},"34":{"start":{"line":71,"column":43},"end":{"line":71,"column":72}},"35":{"start":{"line":72,"column":16},"end":{"line":72,"column":50}},"36":{"start":{"line":73,"column":16},"end":{"line":73,"column":70}},"37":{"start":{"line":75,"column":12},"end":{"line":75,"column":57}},"38":{"start":{"line":77,"column":8},"end":{"line":77,"column":37}},"39":{"start":{"line":83,"column":36},"end":{"line":96,"column":5}},"40":{"start":{"line":84,"column":30},"end":{"line":84,"column":47}},"41":{"start":{"line":85,"column":8},"end":{"line":95,"column":10}},"42":{"start":{"line":86,"column":26},"end":{"line":86,"column":56}},"43":{"start":{"line":87,"column":12},"end":{"line":94,"column":14}},"44":{"start":{"line":88,"column":16},"end":{"line":92,"column":17}},"45":{"start":{"line":89,"column":20},"end":{"line":89,"column":121}},"46":{"start":{"line":91,"column":20},"end":{"line":91,"column":126}},"47":{"start":{"line":101,"column":35},"end":{"line":114,"column":5}},"48":{"start":{"line":102,"column":8},"end":{"line":111,"column":10}},"49":{"start":{"line":112,"column":8},"end":{"line":112,"column":87}},"50":{"start":{"line":113,"column":8},"end":{"line":113,"column":41}},"51":{"start":{"line":121,"column":36},"end":{"line":131,"column":5}},"52":{"start":{"line":122,"column":8},"end":{"line":130,"column":9}},"53":{"start":{"line":123,"column":12},"end":{"line":123,"column":69}},"54":{"start":{"line":124,"column":12},"end":{"line":124,"column":78}},"55":{"start":{"line":126,"column":12},"end":{"line":126,"column":72}},"56":{"start":{"line":127,"column":12},"end":{"line":127,"column":69}},"57":{"start":{"line":128,"column":12},"end":{"line":128,"column":53}},"58":{"start":{"line":129,"column":12},"end":{"line":129,"column":78}},"59":{"start":{"line":136,"column":31},"end":{"line":141,"column":5}},"60":{"start":{"line":137,"column":19},"end":{"line":137,"column":36}},"61":{"start":{"line":138,"column":8},"end":{"line":140,"column":10}},"62":{"start":{"line":139,"column":12},"end":{"line":139,"column":44}},"63":{"start":{"line":146,"column":37},"end":{"line":160,"column":5}},"64":{"start":{"line":147,"column":25},"end":{"line":147,"column":27}},"65":{"start":{"line":148,"column":19},"end":{"line":148,"column":36}},"66":{"start":{"line":149,"column":8},"end":{"line":151,"column":10}},"67":{"start":{"line":150,"column":12},"end":{"line":150,"column":41}},"68":{"start":{"line":152,"column":8},"end":{"line":154,"column":10}},"69":{"start":{"line":153,"column":12},"end":{"line":153,"column":53}},"70":{"start":{"line":155,"column":8},"end":{"line":155,"column":18}},"71":{"start":{"line":156,"column":8},"end":{"line":158,"column":10}},"72":{"start":{"line":157,"column":12},"end":{"line":157,"column":83}},"73":{"start":{"line":159,"column":8},"end":{"line":159,"column":20}},"74":{"start":{"line":161,"column":4},"end":{"line":167,"column":5}}},"fnMap":{"0":{"name":"(anonymous_0)","decl":{"start":{"line":19,"column":18},"end":{"line":19,"column":19}},"loc":{"start":{"line":19,"column":30},"end":{"line":168,"column":1}},"line":19},"1":{"name":"(anonymous_1)","decl":{"start":{"line":30,"column":24},"end":{"line":30,"column":25}},"loc":{"start":{"line":30,"column":38},"end":{"line":32,"column":5}},"line":30},"2":{"name":"(anonymous_2)","decl":{"start":{"line":37,"column":28},"end":{"line":37,"column":29}},"loc":{"start":{"line":37,"column":45},"end":{"line":44,"column":5}},"line":37},"3":{"name":"(anonymous_3)","decl":{"start":{"line":38,"column":42},"end":{"line":38,"column":43}},"loc":{"start":{"line":38,"column":54},"end":{"line":42,"column":9}},"line":38},"4":{"name":"(anonymous_4)","decl":{"start":{"line":49,"column":26},"end":{"line":49,"column":27}},"loc":{"start":{"line":49,"column":53},"end":{"line":56,"column":5}},"line":49},"5":{"name":"(anonymous_5)","decl":{"start":{"line":62,"column":34},"end":{"line":62,"column":35}},"loc":{"start":{"line":62,"column":51},"end":{"line":78,"column":5}},"line":62},"6":{"name":"(anonymous_6)","decl":{"start":{"line":83,"column":36},"end":{"line":83,"column":37}},"loc":{"start":{"line":83,"column":46},"end":{"line":96,"column":5}},"line":83},"7":{"name":"(anonymous_7)","decl":{"start":{"line":85,"column":46},"end":{"line":85,"column":47}},"loc":{"start":{"line":85,"column":76},"end":{"line":95,"column":9}},"line":85},"8":{"name":"(anonymous_8)","decl":{"start":{"line":87,"column":38},"end":{"line":87,"column":39}},"loc":{"start":{"line":87,"column":69},"end":{"line":94,"column":13}},"line":87},"9":{"name":"(anonymous_9)","decl":{"start":{"line":101,"column":35},"end":{"line":101,"column":36}},"loc":{"start":{"line":101,"column":45},"end":{"line":114,"column":5}},"line":101},"10":{"name":"(anonymous_10)","decl":{"start":{"line":121,"column":36},"end":{"line":121,"column":37}},"loc":{"start":{"line":121,"column":46},"end":{"line":131,"column":5}},"line":121},"11":{"name":"(anonymous_11)","decl":{"start":{"line":136,"column":31},"end":{"line":136,"column":32}},"loc":{"start":{"line":136,"column":41},"end":{"line":141,"column":5}},"line":136},"12":{"name":"(anonymous_12)","decl":{"start":{"line":138,"column":28},"end":{"line":138,"column":29}},"loc":{"start":{"line":138,"column":39},"end":{"line":140,"column":9}},"line":138},"13":{"name":"(anonymous_13)","decl":{"start":{"line":146,"column":37},"end":{"line":146,"column":38}},"loc":{"start":{"line":146,"column":47},"end":{"line":160,"column":5}},"line":146},"14":{"name":"(anonymous_14)","decl":{"start":{"line":149,"column":28},"end":{"line":149,"column":29}},"loc":{"start":{"line":149,"column":39},"end":{"line":151,"column":9}},"line":149},"15":{"name":"(anonymous_15)","decl":{"start":{"line":152,"column":24},"end":{"line":152,"column":25}},"loc":{"start":{"line":152,"column":40},"end":{"line":154,"column":9}},"line":152},"16":{"name":"(anonymous_16)","decl":{"start":{"line":156,"column":40},"end":{"line":156,"column":41}},"loc":{"start":{"line":156,"column":65},"end":{"line":158,"column":9}},"line":156}},"branchMap":{"0":{"loc":{"start":{"line":38,"column":8},"end":{"line":42,"column":10}},"type":"binary-expr","locations":[{"start":{"line":38,"column":8},"end":{"line":38,"column":19}},{"start":{"line":38,"column":23},"end":{"line":42,"column":10}}],"line":38},"1":{"loc":{"start":{"line":50,"column":8},"end":{"line":55,"column":9}},"type":"if","locations":[{"start":{"line":50,"column":8},"end":{"line":55,"column":9}},{"start":{"line":50,"column":8},"end":{"line":55,"column":9}}],"line":50},"2":{"loc":{"start":{"line":50,"column":12},"end":{"line":50,"column":29}},"type":"binary-expr","locations":[{"start":{"line":50,"column":12},"end":{"line":50,"column":20}},{"start":{"line":50,"column":24},"end":{"line":50,"column":29}}],"line":50},"3":{"loc":{"start":{"line":67,"column":12},"end":{"line":74,"column":13}},"type":"if","locations":[{"start":{"line":67,"column":12},"end":{"line":74,"column":13}},{"start":{"line":67,"column":12},"end":{"line":74,"column":13}}],"line":67},"4":{"loc":{"start":{"line":85,"column":8},"end":{"line":95,"column":10}},"type":"binary-expr","locations":[{"start":{"line":85,"column":8},"end":{"line":85,"column":21}},{"start":{"line":85,"column":25},"end":{"line":95,"column":10}}],"line":85},"5":{"loc":{"start":{"line":87,"column":12},"end":{"line":94,"column":14}},"type":"binary-expr","locations":[{"start":{"line":87,"column":12},"end":{"line":87,"column":19}},{"start":{"line":87,"column":23},"end":{"line":94,"column":14}}],"line":87},"6":{"loc":{"start":{"line":88,"column":16},"end":{"line":92,"column":17}},"type":"if","locations":[{"start":{"line":88,"column":16},"end":{"line":92,"column":17}},{"start":{"line":88,"column":16},"end":{"line":92,"column":17}}],"line":88},"7":{"loc":{"start":{"line":88,"column":20},"end":{"line":88,"column":110}},"type":"binary-expr","locations":[{"start":{"line":88,"column":20},"end":{"line":88,"column":75}},{"start":{"line":88,"column":79},"end":{"line":88,"column":110}}],"line":88},"8":{"loc":{"start":{"line":110,"column":29},"end":{"line":110,"column":75}},"type":"binary-expr","locations":[{"start":{"line":110,"column":29},"end":{"line":110,"column":69}},{"start":{"line":110,"column":73},"end":{"line":110,"column":75}}],"line":110},"9":{"loc":{"start":{"line":122,"column":8},"end":{"line":130,"column":9}},"type":"if","locations":[{"start":{"line":122,"column":8},"end":{"line":130,"column":9}},{"start":{"line":122,"column":8},"end":{"line":130,"column":9}}],"line":122},"10":{"loc":{"start":{"line":126,"column":40},"end":{"line":126,"column":71}},"type":"binary-expr","locations":[{"start":{"line":126,"column":40},"end":{"line":126,"column":65}},{"start":{"line":126,"column":69},"end":{"line":126,"column":71}}],"line":126},"11":{"loc":{"start":{"line":138,"column":8},"end":{"line":140,"column":10}},"type":"binary-expr","locations":[{"start":{"line":138,"column":8},"end":{"line":138,"column":12}},{"start":{"line":138,"column":16},"end":{"line":140,"column":10}}],"line":138},"12":{"loc":{"start":{"line":149,"column":8},"end":{"line":151,"column":10}},"type":"binary-expr","locations":[{"start":{"line":149,"column":8},"end":{"line":149,"column":12}},{"start":{"line":149,"column":16},"end":{"line":151,"column":10}}],"line":149},"13":{"loc":{"start":{"line":156,"column":8},"end":{"line":158,"column":10}},"type":"binary-expr","locations":[{"start":{"line":156,"column":8},"end":{"line":156,"column":18}},{"start":{"line":156,"column":22},"end":{"line":158,"column":10}}],"line":156},"14":{"loc":{"start":{"line":157,"column":38},"end":{"line":157,"column":82}},"type":"binary-expr","locations":[{"start":{"line":157,"column":38},"end":{"line":157,"column":61}},{"start":{"line":157,"column":65},"end":{"line":157,"column":82}}],"line":157}},"s":{"0":1,"1":1,"2":1,"3":1,"4":1,"5":1,"6":1,"7":1,"8":1,"9":1,"10":1,"11":1,"12":1,"13":1,"14":1,"15":8,"16":8,"17":8,"18":1,"19":1,"20":1,"21":1,"22":1,"23":1,"24":1,"25":1,"26":2,"27":2,"28":2,"29":2,"30":16,"31":16,"32":14,"33":14,"34":2,"35":2,"36":2,"37":16,"38":2,"39":1,"40":1,"41":1,"42":1,"43":1,"44":8,"45":7,"46":1,"47":1,"48":3,"49":3,"50":3,"51":1,"52":3,"53":1,"54":1,"55":2,"56":2,"57":2,"58":2,"59":1,"60":1,"61":1,"62":1,"63":1,"64":3,"65":3,"66":3,"67":4,"68":3,"69":1,"70":3,"71":3,"72":4,"73":3,"74":1},"f":{"0":1,"1":1,"2":1,"3":8,"4":1,"5":2,"6":1,"7":1,"8":8,"9":3,"10":3,"11":1,"12":1,"13":3,"14":4,"15":1,"16":4},"b":{"0":[1,1],"1":[1,0],"2":[1,1],"3":[14,2],"4":[1,1],"5":[1,1],"6":[7,1],"7":[8,8],"8":[3,2],"9":[1,2],"10":[2,2],"11":[1,1],"12":[3,3],"13":[3,3],"14":[4,4]},"_coverageSchema":"1a1c01bbd47fc00a2c39e90264f33305004495a9","hash":"ed3d9bfbad61b4c191d992afd8509747b72f1453"}
,"/home/sofat/hc/site/sparkline.js": {"path":"/home/sofat/hc/site/sparkline.js","statementMap":{"0":{"start":{"line":9,"column":0},"end":{"line":149,"column":4}},"1":{"start":{"line":10,"column":4},"end":{"line":21,"column":5}},"2":{"start":{"line":12,"column":8},"end":{"line":12,"column":24}},"3":{"start":{"line":13,"column":11},"end":{"line":21,"column":5}},"4":{"start":{"line":17,"column":8},"end":{"line":17,"column":35}},"5":{"start":{"line":20,"column":8},"end":{"line":20,"column":35}},"6":{"start":{"line":26,"column":18},"end":{"line":26,"column":20}},"7":{"start":{"line":27,"column":8},"end":{"line":29,"column":9}},"8":{"start":{"line":28,"column":12},"end":{"line":28,"column":70}},"9":{"start":{"line":30,"column":8},"end":{"line":30,"column":19}},"10":{"start":{"line":34,"column":8},"end":{"line":34,"column":31}},"11":{"start":{"line":35,"column":8},"end":{"line":35,"column":64}},"12":{"start":{"line":37,"column":8},"end":{"line":47,"column":9}},"13":{"start":{"line":38,"column":12},"end":{"line":38,"column":57}},"14":{"start":{"line":39,"column":12},"end":{"line":39,"column":50}},"15":{"start":{"line":40,"column":12},"end":{"line":40,"column":56}},"16":{"start":{"line":41,"column":12},"end":{"line":41,"column":54}},"17":{"start":{"line":43,"column":12},"end":{"line":46,"column":13}},"18":{"start":{"line":44,"column":16},"end":{"line":44,"column":56}},"19":{"start":{"line":45,"column":16},"end":{"line":45,"column":65}},"20":{"start":{"line":50,"column":4},"end":{"line":62,"column":6}},"21":{"start":{"line":64,"column":4},"end":{"line":66,"column":6}},"22":{"start":{"line":65,"column":8},"end":{"line":65,"column":47}},"23":{"start":{"line":68,"column":4},"end":{"line":72,"column":5}},"24":{"start":{"line":69,"column":24},"end":{"line":69,"column":55}},"25":{"start":{"line":70,"column":8},"end":{"line":70,"column":31}},"26":{"start":{"line":71,"column":8},"end":{"line":71,"column":25}},"27":{"start":{"line":75,"column":20},"end":{"line":75,"column":39}},"28":{"start":{"line":76,"column":8},"end":{"line":80,"column":9}},"29":{"start":{"line":77,"column":12},"end":{"line":77,"column":40}},"30":{"start":{"line":79,"column":12},"end":{"line":79,"column":84}},"31":{"start":{"line":84,"column":8},"end":{"line":84,"column":25}},"32":{"start":{"line":85,"column":8},"end":{"line":85,"column":31}},"33":{"start":{"line":86,"column":8},"end":{"line":86,"column":54}},"34":{"start":{"line":87,"column":8},"end":{"line":87,"column":20}},"35":{"start":{"line":91,"column":16},"end":{"line":91,"column":42}},"36":{"start":{"line":92,"column":21},"end":{"line":92,"column":97}},"37":{"start":{"line":93,"column":20},"end":{"line":93,"column":103}},"38":{"start":{"line":95,"column":8},"end":{"line":95,"column":89}},"39":{"start":{"line":98,"column":4},"end":{"line":142,"column":5}},"40":{"start":{"line":100,"column":8},"end":{"line":100,"column":30}},"41":{"start":{"line":101,"column":8},"end":{"line":101,"column":29}},"42":{"start":{"line":103,"column":8},"end":{"line":103,"column":60}},"43":{"start":{"line":104,"column":8},"end":{"line":104,"column":45}},"44":{"start":{"line":105,"column":8},"end":{"line":105,"column":60}},"45":{"start":{"line":106,"column":8},"end":{"line":106,"column":45}},"46":{"start":{"line":108,"column":22},"end":{"line":108,"column":57}},"47":{"start":{"line":109,"column":22},"end":{"line":109,"column":57}},"48":{"start":{"line":110,"column":20},"end":{"line":110,"column":51}},"49":{"start":{"line":111,"column":21},"end":{"line":111,"column":53}},"50":{"start":{"line":113,"column":23},"end":{"line":113,"column":76}},"51":{"start":{"line":114,"column":23},"end":{"line":114,"column":76}},"52":{"start":{"line":115,"column":19},"end":{"line":115,"column":26}},"53":{"start":{"line":116,"column":19},"end":{"line":116,"column":26}},"54":{"start":{"line":118,"column":16},"end":{"line":118,"column":23}},"55":{"start":{"line":119,"column":16},"end":{"line":119,"column":70}},"56":{"start":{"line":120,"column":20},"end":{"line":120,"column":47}},"57":{"start":{"line":122,"column":18},"end":{"line":122,"column":81}},"58":{"start":{"line":124,"column":8},"end":{"line":124,"column":33}},"59":{"start":{"line":125,"column":8},"end":{"line":125,"column":58}},"60":{"start":{"line":126,"column":8},"end":{"line":126,"column":69}},"61":{"start":{"line":128,"column":8},"end":{"line":128,"column":37}},"62":{"start":{"line":129,"column":8},"end":{"line":135,"column":9}},"63":{"start":{"line":129,"column":21},"end":{"line":129,"column":22}},"64":{"start":{"line":130,"column":12},"end":{"line":130,"column":23}},"65":{"start":{"line":131,"column":12},"end":{"line":131,"column":41}},"66":{"start":{"line":133,"column":12},"end":{"line":133,"column":52}},"67":{"start":{"line":134,"column":12},"end":{"line":134,"column":52}},"68":{"start":{"line":136,"column":8},"end":{"line":136,"column":30}},"69":{"start":{"line":138,"column":8},"end":{"line":138,"column":91}},"70":{"start":{"line":139,"column":8},"end":{"line":139,"column":97}},"71":{"start":{"line":140,"column":8},"end":{"line":140,"column":109}},"72":{"start":{"line":141,"column":8},"end":{"line":141,"column":109}},"73":{"start":{"line":145,"column":8},"end":{"line":145,"column":43}},"74":{"start":{"line":148,"column":4},"end":{"line":148,"column":21}}},"fnMap":{"0":{"name":"(anonymous_0)","decl":{"start":{"line":9,"column":1},"end":{"line":9,"column":2}},"loc":{"start":{"line":9,"column":26},"end":{"line":22,"column":1}},"line":9},"1":{"name":"(anonymous_1)","decl":{"start":{"line":22,"column":8},"end":{"line":22,"column":9}},"loc":{"start":{"line":22,"column":20},"end":{"line":149,"column":1}},"line":22},"2":{"name":"extend","decl":{"start":{"line":25,"column":13},"end":{"line":25,"column":19}},"loc":{"start":{"line":25,"column":39},"end":{"line":31,"column":5}},"line":25},"3":{"name":"Sparkline","decl":{"start":{"line":33,"column":13},"end":{"line":33,"column":22}},"loc":{"start":{"line":33,"column":41},"end":{"line":48,"column":5}},"line":33},"4":{"name":"(anonymous_4)","decl":{"start":{"line":64,"column":21},"end":{"line":64,"column":22}},"loc":{"start":{"line":64,"column":49},"end":{"line":66,"column":5}},"line":64},"5":{"name":"(anonymous_5)","decl":{"start":{"line":68,"column":21},"end":{"line":68,"column":22}},"loc":{"start":{"line":68,"column":57},"end":{"line":72,"column":5}},"line":68},"6":{"name":"getY","decl":{"start":{"line":74,"column":13},"end":{"line":74,"column":17}},"loc":{"start":{"line":74,"column":62},"end":{"line":81,"column":5}},"line":74},"7":{"name":"drawDot","decl":{"start":{"line":83,"column":13},"end":{"line":83,"column":20}},"loc":{"start":{"line":83,"column":42},"end":{"line":88,"column":5}},"line":83},"8":{"name":"showTooltip","decl":{"start":{"line":90,"column":13},"end":{"line":90,"column":24}},"loc":{"start":{"line":90,"column":28},"end":{"line":96,"column":5}},"line":90},"9":{"name":"(anonymous_9)","decl":{"start":{"line":98,"column":31},"end":{"line":98,"column":32}},"loc":{"start":{"line":98,"column":49},"end":{"line":142,"column":5}},"line":98},"10":{"name":"minmax","decl":{"start":{"line":144,"column":13},"end":{"line":144,"column":19}},"loc":{"start":{"line":144,"column":29},"end":{"line":146,"column":5}},"line":144}},"branchMap":{"0":{"loc":{"start":{"line":10,"column":4},"end":{"line":21,"column":5}},"type":"if","locations":[{"start":{"line":10,"column":4},"end":{"line":21,"column":5}},{"start":{"line":10,"column":4},"end":{"line":21,"column":5}}],"line":10},"1":{"loc":{"start":{"line":10,"column":8},"end":{"line":10,"column":50}},"type":"binary-expr","locations":[{"start":{"line":10,"column":8},"end":{"line":10,"column":36}},{"start":{"line":10,"column":40},"end":{"line":10,"column":50}}],"line":10},"2":{"loc":{"start":{"line":13,"column":11},"end":{"line":21,"column":5}},"type":"if","locations":[{"start":{"line":13,"column":11},"end":{"line":21,"column":5}},{"start":{"line":13,"column":11},"end":{"line":21,"column":5}}],"line":13},"3":{"loc":{"start":{"line":28,"column":23},"end":{"line":28,"column":69}},"type":"cond-expr","locations":[{"start":{"line":28,"column":41},"end":{"line":28,"column":54}},{"start":{"line":28,"column":57},"end":{"line":28,"column":69}}],"line":28},"4":{"loc":{"start":{"line":35,"column":30},"end":{"line":35,"column":43}},"type":"binary-expr","locations":[{"start":{"line":35,"column":30},"end":{"line":35,"column":37}},{"start":{"line":35,"column":41},"end":{"line":35,"column":43}}],"line":35},"5":{"loc":{"start":{"line":41,"column":25},"end":{"line":41,"column":53}},"type":"binary-expr","locations":[{"start":{"line":41,"column":25},"end":{"line":41,"column":48}},{"start":{"line":41,"column":52},"end":{"line":41,"column":53}}],"line":41},"6":{"loc":{"start":{"line":43,"column":12},"end":{"line":46,"column":13}},"type":"if","locations":[{"start":{"line":43,"column":12},"end":{"line":46,"column":13}},{"start":{"line":43,"column":12},"end":{"line":46,"column":13}}],"line":43},"7":{"loc":{"start":{"line":76,"column":8},"end":{"line":80,"column":9}},"type":"if","locations":[{"start":{"line":76,"column":8},"end":{"line":80,"column":9}},{"start":{"line":76,"column":8},"end":{"line":80,"column":9}}],"line":76},"8":{"loc":{"start":{"line":91,"column":16},"end":{"line":91,"column":42}},"type":"binary-expr","locations":[{"start":{"line":91,"column":16},"end":{"line":91,"column":25}},{"start":{"line":91,"column":29},"end":{"line":91,"column":37}},{"start":{"line":91,"column":41},"end":{"line":91,"column":42}}],"line":91},"9":{"loc":{"start":{"line":100,"column":17},"end":{"line":100,"column":29}},"type":"binary-expr","locations":[{"start":{"line":100,"column":17},"end":{"line":100,"column":23}},{"start":{"line":100,"column":27},"end":{"line":100,"column":29}}],"line":100},"10":{"loc":{"start":{"line":113,"column":23},"end":{"line":113,"column":76}},"type":"binary-expr","locations":[{"start":{"line":113,"column":23},"end":{"line":113,"column":44}},{"start":{"line":113,"column":48},"end":{"line":113,"column":76}}],"line":113},"11":{"loc":{"start":{"line":114,"column":23},"end":{"line":114,"column":76}},"type":"binary-expr","locations":[{"start":{"line":114,"column":23},"end":{"line":114,"column":44}},{"start":{"line":114,"column":48},"end":{"line":114,"column":76}}],"line":114},"12":{"loc":{"start":{"line":133,"column":19},"end":{"line":133,"column":51}},"type":"cond-expr","locations":[{"start":{"line":133,"column":43},"end":{"line":133,"column":44}},{"start":{"line":133,"column":47},"end":{"line":133,"column":51}}],"line":133},"13":{"loc":{"start":{"line":134,"column":19},"end":{"line":134,"column":51}},"type":"cond-expr","locations":[{"start":{"line":134,"column":43},"end":{"line":134,"column":44}},{"start":{"line":134,"column":47},"end":{"line":134,"column":51}}],"line":134},"14":{"loc":{"start":{"line":138,"column":48},"end":{"line":138,"column":82}},"type":"cond-expr","locations":[{"start":{"line":138,"column":69},"end":{"line":138,"column":78}},{"start":{"line":138,"column":81},"end":{"line":138,"column":82}}],"line":138},"15":{"loc":{"start":{"line":139,"column":46},"end":{"line":139,"column":84}},"type":"cond-expr","locations":[{"start":{"line":139,"column":67},"end":{"line":139,"column":76}},{"start":{"line":139,"column":79},"end":{"line":139,"column":84}}],"line":139},"16":{"loc":{"start":{"line":140,"column":43},"end":{"line":140,"column":77}},"type":"cond-expr","locations":[{"start":{"line":140,"column":64},"end":{"line":140,"column":73}},{"start":{"line":140,"column":76},"end":{"line":140,"column":77}}],"line":140},"17":{"loc":{"start":{"line":141,"column":43},"end":{"line":141,"column":77}},"type":"cond-expr","locations":[{"start":{"line":141,"column":64},"end":{"line":141,"column":73}},{"start":{"line":141,"column":76},"end":{"line":141,"column":77}}],"line":141}},"s":{"0":1,"1":1,"2":0,"3":1,"4":1,"5":0,"6":0,"7":0,"8":0,"9":0,"10":0,"11":0,"12":0,"13":0,"14":0,"15":0,"16":0,"17":0,"18":0,"19":0,"20":1,"21":1,"22":0,"23":1,"24":0,"25":0,"26":0,"27":0,"28":0,"29":0,"30":0,"31":0,"32":0,"33":0,"34":0,"35":0,"36":0,"37":0,"38":0,"39":1,"40":0,"41":0,"42":0,"43":0,"44":0,"45":0,"46":0,"47":0,"48":0,"49":0,"50":0,"51":0,"52":0,"53":0,"54":0,"55":0,"56":0,"57":0,"58":0,"59":0,"60":0,"61":0,"62":0,"63":0,"64":0,"65":0,"66":0,"67":0,"68":0,"69":0,"70":0,"71":0,"72":0,"73":0,"74":1},"f":{"0":1,"1":1,"2":0,"3":0,"4":0,"5":0,"6":0,"7":0,"8":0,"9":0,"10":0},"b":{"0":[0,1],"1":[1,0],"2":[1,0],"3":[0,0],"4":[0,0],"5":[0,0],"6":[0,0],"7":[0,0],"8":[0,0,0],"9":[0,0],"10":[0,0],"11":[0,0],"12":[0,0],"13":[0,0],"14":[0,0],"15":[0,0],"16":[0,0],"17":[0,0]},"_coverageSchema":"1a1c01bbd47fc00a2c39e90264f33305004495a9","hash":"ba04966b8e14789c878f2367a89a9dd1250c5539"}
}
