TN:
SF:es6/realTimeUpdateTable.js
FN:15,(anonymous_0)
FN:26,(anonymous_1)
FN:33,(anonymous_2)
FN:34,(anonymous_3)
FN:45,(anonymous_4)
FN:58,(anonymous_5)
FN:79,(anonymous_6)
FN:81,(anonymous_7)
FN:83,(anonymous_8)
FN:98,(anonymous_9)
FN:118,(anonymous_10)
FN:133,(anonymous_11)
FN:135,(anonymous_12)
FN:143,(anonymous_13)
FN:146,(anonymous_14)
FN:149,(anonymous_15)
FN:153,(anonymous_16)
FNF:17
FNH:17
FNDA:1,(anonymous_0)
FNDA:1,(anonymous_1)
FNDA:1,(anonymous_2)
FNDA:8,(anonymous_3)
FNDA:1,(anonymous_4)
FNDA:2,(anonymous_5)
FNDA:1,(anonymous_6)
FNDA:1,(anonymous_7)
FNDA:8,(anonymous_8)
FNDA:3,(anonymous_9)
FNDA:3,(anonymous_10)
FNDA:1,(anonymous_11)
FNDA:1,(anonymous_12)
FNDA:3,(anonymous_13)
FNDA:4,(anonymous_14)
FNDA:1,(anonymous_15)
FNDA:4,(anonymous_16)
DA:14,1
DA:15,1
DA:16,1
DA:17,1
DA:18,1
DA:19,1
DA:20,1
DA:21,1
DA:26,1
DA:27,1
DA:33,1
DA:34,1
DA:35,8
DA:36,8
DA:37,8
DA:39,1
DA:45,1
DA:46,1
DA:47,1
DA:48,1
DA:49,1
DA:50,1
DA:58,1
DA:59,2
DA:60,2
DA:61,2
DA:62,16
DA:63,16
DA:64,14
DA:65,14
DA:67,2
DA:68,2
DA:69,2
DA:71,16
DA:73,2
DA:79,1
DA:80,1
DA:81,1
DA:82,1
DA:83,1
DA:84,8
DA:85,8
DA:86,7
DA:88,1
DA:98,1
DA:99,3
DA:109,3
DA:110,3
DA:118,1
DA:119,3
DA:120,1
DA:121,1
DA:123,2
DA:124,2
DA:125,2
DA:126,2
DA:133,1
DA:134,1
DA:135,1
DA:136,1
DA:143,1
DA:144,3
DA:145,3
DA:146,3
DA:147,4
DA:149,3
DA:150,1
DA:152,3
DA:153,3
DA:154,4
DA:156,3
DA:158,1
LF:72
LH:72
BRDA:34,0,0,1
BRDA:34,0,1,1
BRDA:46,1,0,1
BRDA:46,1,1,0
BRDA:46,2,0,1
BRDA:46,2,1,1
BRDA:63,3,0,14
BRDA:63,3,1,2
BRDA:81,4,0,1
BRDA:81,4,1,1
BRDA:83,5,0,1
BRDA:83,5,1,1
BRDA:84,6,0,8
BRDA:84,6,1,0
BRDA:85,7,0,7
BRDA:85,7,1,1
BRDA:107,8,0,3
BRDA:107,8,1,2
BRDA:119,9,0,1
BRDA:119,9,1,2
BRDA:123,10,0,2
BRDA:123,10,1,2
BRDA:135,11,0,1
BRDA:135,11,1,1
BRDA:146,12,0,3
BRDA:146,12,1,3
BRDA:153,13,0,3
BRDA:153,13,1,3
BRDA:154,14,0,4
BRDA:154,14,1,4
BRF:30
BRH:28
end_of_record
TN:
SF:site/sparkline.js
FN:9,(anonymous_0)
FN:22,(anonymous_1)
FN:25,extend
FN:33,Sparkline
FN:64,(anonymous_4)
FN:68,(anonymous_5)
FN:74,getY
FN:83,drawDot
FN:90,showTooltip
FN:98,(anonymous_9)
FN:144,minmax
FNF:11
FNH:2
FNDA:1,(anonymous_0)
FNDA:1,(anonymous_1)
FNDA:0,extend
FNDA:0,Sparkline
FNDA:0,(anonymous_4)
FNDA:0,(anonymous_5)
FNDA:0,getY
FNDA:0,drawDot
FNDA:0,showTooltip
FNDA:0,(anonymous_9)
FNDA:0,minmax
DA:9,1
DA:10,1
DA:12,0
DA:13,1
DA:17,1
DA:20,0
DA:26,0
DA:27,0
DA:28,0
DA:30,0
DA:34,0
DA:35,0
DA:37,0
DA:38,0
DA:39,0
DA:40,0
DA:41,0
DA:43,0
DA:44,0
DA:45,0
DA:50,1
DA:64,1
DA:65,0
DA:68,1
DA:69,0
DA:70,0
DA:71,0
DA:75,0
DA:76,0
DA:77,0
DA:79,0
DA:84,0
DA:85,0
DA:86,0
DA:87,0
DA:91,0
DA:92,0
DA:93,0
DA:95,0
DA:98,1
DA:100,0
DA:101,0
DA:103,0
DA:104,0
DA:105,0
DA:106,0
DA:108,0
DA:109,0
DA:110,0
DA:111,0
DA:113,0
DA:114,0
DA:115,0
DA:116,0
DA:118,0
DA:119,0
DA:120,0
DA:122,0
DA:124,0
DA:125,0
DA:126,0
DA:128,0
DA:129,0
DA:130,0
DA:131,0
DA:133,0
DA:134,0
DA:136,0
DA:138,0
DA:139,0
DA:140,0
DA:141,0
DA:145,0
DA:148,1
LF:74
LH:9
BRDA:10,0,0,0
BRDA:10,0,1,1
BRDA:10,1,0,1
BRDA:10,1,1,0
BRDA:13,2,0,1
BRDA:13,2,1,0
BRDA:28,3,0,0
BRDA:28,3,1,0
BRDA:35,4,0,0
BRDA:35,4,1,0
BRDA:41,5,0,0
BRDA:41,5,1,0
BRDA:43,6,0,0
BRDA:43,6,1,0
BRDA:76,7,0,0
BRDA:76,7,1,0
BRDA:91,8,0,0
BRDA:91,8,1,0
BRDA:91,8,2,0
BRDA:100,9,0,0
BRDA:100,9,1,0
BRDA:113,10,0,0
BRDA:113,10,1,0
BRDA:114,11,0,0
BRDA:114,11,1,0
BRDA:133,12,0,0
BRDA:133,12,1,0
BRDA:134,13,0,0
BRDA:134,13,1,0
BRDA:138,14,0,0
BRDA:138,14,1,0
BRDA:139,15,0,0
BRDA:139,15,1,0
BRDA:140,16,0,0
BRDA:140,16,1,0
BRDA:141,17,0,0
BRDA:141,17,1,0
BRF:37
BRH:3
end_of_record
